ConvLM.perl
Word ----------------------------------------
Reading WordIntStr.text, WordMarkov.db, and WordLambda ... Done
---- Markov->test ----------------------------------------------------------------
  Freq(し/し て/て) = 152715.000000
  Freq(し/し) = 368342.000000
  Freq(て/て) = 511074.000000
  Freq() = 21961712.000000
PutImage into Word.data
y = 90272 85759 81246 76733 72220 67707 63194 58681 54168 49655 45142 40629 36116 31603 27090 22577 18064 13551 9038 4525 12 
Done

Char ----------------------------------------
Reading CharIntStr.text, CharMarkov.db, and CharLambda ... Done
---- Markov->test ----------------------------------------------------------------
  Freq(BT Ｚ) = 212.000000
  Freq(BT) = 218180.000000
  Freq(Ｚ) = 521.000000
  Freq() = 1178594.000000
PutImage into Char.data
y = 4011 3811 3611 3411 3211 3011 2811 2611 2411 2211 2011 1811 1611 1411 1211 1011 811 611 411 211 11 
Done

Done
