MakeTankanDictAC.perl 0
Reading ../../../corpus/01.wordkkci
Reading ../../../corpus/02.wordkkci
Reading ../../../corpus/03.wordkkci
Reading ../../../corpus/04.wordkkci
Reading ../../../corpus/05.wordkkci
Reading ../../../corpus/06.wordkkci
Reading ../../../corpus/07.wordkkci
Reading ../../../corpus/08.wordkkci
Reading ../../../corpus/09.wordkkci
1356 nodes
Tankan.actran 24[KB]
Tankan.acdata 297[KB]
ふぁいぶしんぶぶんしゅうごう
ふ/埠(2147483645.00000000)
ふ/冨(2147483645.00000000)
ふ/扶(2147483645.00000000)
ふ/芙(2147483645.00000000)
ふ/阜(2147483645.00000000)
ふ/舗(2147483645.00000000)
ふ/仆(2147483645.00000000)
ふ/俘(2147483645.00000000)
ふ/偃(2147483645.00000000)
ふ/咐(2147483645.00000000)
ふ/坿(2147483645.00000000)
ふ/巫(2147483645.00000000)
ふ/拊(2147483645.00000000)
ふ/枹(2147483645.00000000)
ふ/柎(2147483645.00000000)
ふ/桴(2147483645.00000000)
ふ/榑(2147483645.00000000)
ふ/溥(2147483645.00000000)
ふ/畉(2147483645.00000000)
ふ/罘(2147483645.00000000)
ふ/苻(2147483645.00000000)
ふ/蜉(2147483645.00000000)
ふ/誣(2147483645.00000000)
ふ/賻(2147483645.00000000)
ふ/趺(2147483645.00000000)
ふ/跋(2147483645.00000000)
ふ/蹈(2147483645.00000000)
ふ/郛(2147483645.00000000)
ふ/釡(2147483645.00000000)
ふ/鳬(2147483645.00000000)
ふ/麸(2147483645.00000000)
ふ/黼(2147483645.00000000)
  ぁ/ぁ(2147483645.00000000)
  ぁ/ァ(2147483645.00000000)
ふぁい/Φ(2147483645.00000000)
ふぁい/φ(2147483645.00000000)
    い/椅(2147483645.00000000)
    い/維(2147483645.00000000)
    い/蔚(2147483645.00000000)
    い/詑(2147483645.00000000)
    い/斐(2147483645.00000000)
    い/揖(2147483645.00000000)
    い/佗(2147483645.00000000)
    い/侈(2147483645.00000000)
    い/圍(2147483645.00000000)
    い/姨(2147483645.00000000)
    い/幃(2147483645.00000000)
    い/彜(2147483645.00000000)
    い/彙(2147483645.00000000)
    い/怡(2147483645.00000000)
    い/恚(2147483645.00000000)
    い/懿(2147483645.00000000)
    い/洟(2147483645.00000000)
    い/渭(2147483645.00000000)
    い/熨(2147483645.00000000)
    い/爲(2147483645.00000000)
    い/猗(2147483645.00000000)
    い/痍(2147483645.00000000)
    い/痿(2147483645.00000000)
    い/眤(2147483645.00000000)
    い/矣(2147483645.00000000)
    い/縊(2147483645.00000000)
    い/肄(2147483645.00000000)
    い/苡(2147483645.00000000)
    い/蝟(2147483645.00000000)
    い/貽(2147483645.00000000)
    い/逶(2147483645.00000000)
    い/醫(2147483645.00000000)
    い/鑄(2147483645.00000000)
    い/韋(2147483645.00000000)
    い/饐(2147483645.00000000)
    い/鰄(2147483645.00000000)
      ぶ/葡(2147483645.00000000)
      ぶ/嘸(2147483645.00000000)
      ぶ/廡(2147483645.00000000)
      ぶ/憮(2147483645.00000000)
      ぶ/无(2147483645.00000000)
      ぶ/誣(2147483645.00000000)
      ぶ/鳬(2147483645.00000000)
      ぶ/鵐(2147483645.00000000)
        し/斯(2147483645.00000000)
        し/獅(2147483645.00000000)
        し/祉(2147483645.00000000)
        し/亊(2147483645.00000000)
        し/侈(2147483645.00000000)
        し/卮(2147483645.00000000)
        し/厮(2147483645.00000000)
        し/厶(2147483645.00000000)
        し/呰(2147483645.00000000)
        し/咨(2147483645.00000000)
        し/咫(2147483645.00000000)
        し/啻(2147483645.00000000)
        し/孳(2147483645.00000000)
        し/妛(2147483645.00000000)
        し/巵(2147483645.00000000)
        し/帋(2147483645.00000000)
        し/廁(2147483645.00000000)
        し/廝(2147483645.00000000)
        し/徙(2147483645.00000000)
        し/揣(2147483645.00000000)
        し/摯(2147483645.00000000)
        し/朿(2147483645.00000000)
        し/梔(2147483645.00000000)
        し/沚(2147483645.00000000)
        し/泗(2147483645.00000000)
        し/瓷(2147483645.00000000)
        し/眥(2147483645.00000000)
        し/眦(2147483645.00000000)
        し/祗(2147483645.00000000)
        し/竢(2147483645.00000000)
        し/笶(2147483645.00000000)
        し/粢(2147483645.00000000)
        し/絲(2147483645.00000000)
        し/緇(2147483645.00000000)
        し/耆(2147483645.00000000)
        し/耜(2147483645.00000000)
        し/肆(2147483645.00000000)
        し/葹(2147483645.00000000)
        し/蓍(2147483645.00000000)
        し/蚩(2147483645.00000000)
        し/觜(2147483645.00000000)
        し/謚(2147483645.00000000)
        し/貲(2147483645.00000000)
        し/輜(2147483645.00000000)
        し/錙(2147483645.00000000)
        し/閇(2147483645.00000000)
        し/阯(2147483645.00000000)
        し/駛(2147483645.00000000)
        し/鴟(2147483645.00000000)
        し/鵄(2147483645.00000000)
        し/鷙(2147483645.00000000)
        し/齒(2147483645.00000000)
        しん/娠(2147483645.00000000)
        しん/僭(2147483645.00000000)
        しん/僣(2147483645.00000000)
        しん/哂(2147483645.00000000)
        しん/嗔(2147483645.00000000)
        しん/宸(2147483645.00000000)
        しん/寢(2147483645.00000000)
        しん/岑(2147483645.00000000)
        しん/愼(2147483645.00000000)
        しん/抻(2147483645.00000000)
        しん/斟(2147483645.00000000)
        しん/晉(2147483645.00000000)
        しん/晨(2147483645.00000000)
        しん/沁(2147483645.00000000)
        しん/瀋(2147483645.00000000)
        しん/畛(2147483645.00000000)
        しん/瞋(2147483645.00000000)
        しん/箴(2147483645.00000000)
        しん/縉(2147483645.00000000)
        しん/罧(2147483645.00000000)
        しん/脣(2147483645.00000000)
        しん/臻(2147483645.00000000)
        しん/蓁(2147483645.00000000)
        しん/蔘(2147483645.00000000)
        しん/蜃(2147483645.00000000)
        しん/袗(2147483645.00000000)
        しん/襯(2147483645.00000000)
        しん/譖(2147483645.00000000)
        しん/譛(2147483645.00000000)
        しん/讖(2147483645.00000000)
        しん/軫(2147483645.00000000)
        しん/駸(2147483645.00000000)
        しん/齔(2147483645.00000000)
            ぶ/葡(2147483645.00000000)
            ぶ/嘸(2147483645.00000000)
            ぶ/廡(2147483645.00000000)
            ぶ/憮(2147483645.00000000)
            ぶ/无(2147483645.00000000)
            ぶ/誣(2147483645.00000000)
            ぶ/鳬(2147483645.00000000)
            ぶ/鵐(2147483645.00000000)
              ぶ/葡(2147483645.00000000)
              ぶ/嘸(2147483645.00000000)
              ぶ/廡(2147483645.00000000)
              ぶ/憮(2147483645.00000000)
              ぶ/无(2147483645.00000000)
              ぶ/誣(2147483645.00000000)
              ぶ/鳬(2147483645.00000000)
              ぶ/鵐(2147483645.00000000)
              ぶん/刎(2147483645.00000000)
              ぶん/紊(2147483645.00000000)
              ぶん/馼(2147483645.00000000)
                  し/斯(2147483645.00000000)
                  し/獅(2147483645.00000000)
                  し/祉(2147483645.00000000)
                  し/亊(2147483645.00000000)
                  し/侈(2147483645.00000000)
                  し/卮(2147483645.00000000)
                  し/厮(2147483645.00000000)
                  し/厶(2147483645.00000000)
                  し/呰(2147483645.00000000)
                  し/咨(2147483645.00000000)
                  し/咫(2147483645.00000000)
                  し/啻(2147483645.00000000)
                  し/孳(2147483645.00000000)
                  し/妛(2147483645.00000000)
                  し/巵(2147483645.00000000)
                  し/帋(2147483645.00000000)
                  し/廁(2147483645.00000000)
                  し/廝(2147483645.00000000)
                  し/徙(2147483645.00000000)
                  し/揣(2147483645.00000000)
                  し/摯(2147483645.00000000)
                  し/朿(2147483645.00000000)
                  し/梔(2147483645.00000000)
                  し/沚(2147483645.00000000)
                  し/泗(2147483645.00000000)
                  し/瓷(2147483645.00000000)
                  し/眥(2147483645.00000000)
                  し/眦(2147483645.00000000)
                  し/祗(2147483645.00000000)
                  し/竢(2147483645.00000000)
                  し/笶(2147483645.00000000)
                  し/粢(2147483645.00000000)
                  し/絲(2147483645.00000000)
                  し/緇(2147483645.00000000)
                  し/耆(2147483645.00000000)
                  し/耜(2147483645.00000000)
                  し/肆(2147483645.00000000)
                  し/葹(2147483645.00000000)
                  し/蓍(2147483645.00000000)
                  し/蚩(2147483645.00000000)
                  し/觜(2147483645.00000000)
                  し/謚(2147483645.00000000)
                  し/貲(2147483645.00000000)
                  し/輜(2147483645.00000000)
                  し/錙(2147483645.00000000)
                  し/閇(2147483645.00000000)
                  し/阯(2147483645.00000000)
                  し/駛(2147483645.00000000)
                  し/鴟(2147483645.00000000)
                  し/鵄(2147483645.00000000)
                  し/鷙(2147483645.00000000)
                  し/齒(2147483645.00000000)
                  しゅ/諏(2147483645.00000000)
                  しゅ/侏(2147483645.00000000)
                  しゅ/咒(2147483645.00000000)
                  しゅ/娵(2147483645.00000000)
                  しゅ/棕(2147483645.00000000)
                  しゅ/椶(2147483645.00000000)
                  しゅ/橦(2147483645.00000000)
                  しゅ/殳(2147483645.00000000)
                  しゅ/洙(2147483645.00000000)
                  しゅ/繻(2147483645.00000000)
                  しゅ/茱(2147483645.00000000)
                  しゅ/蛛(2147483645.00000000)
                  しゅう/穐(2147483645.00000000)
                  しゅう/愁(2147483645.00000000)
                  しゅう/蒐(2147483645.00000000)
                  しゅう/讐(2147483645.00000000)
                  しゅう/酋(2147483645.00000000)
                  しゅう/叟(2147483645.00000000)
                  しゅう/咒(2147483645.00000000)
                  しゅう/售(2147483645.00000000)
                  しゅう/啾(2147483645.00000000)
                  しゅう/岫(2147483645.00000000)
                  しゅう/愀(2147483645.00000000)
                  しゅう/楸(2147483645.00000000)
                  しゅう/泅(2147483645.00000000)
                  しゅう/湫(2147483645.00000000)
                  しゅう/溲(2147483645.00000000)
                  しゅう/龝(2147483645.00000000)
                  しゅう/綉(2147483645.00000000)
                  しゅう/聚(2147483645.00000000)
                  しゅう/蓚(2147483645.00000000)
                  しゅう/螽(2147483645.00000000)
                  しゅう/蟲(2147483645.00000000)
                  しゅう/褶(2147483645.00000000)
                  しゅう/讎(2147483645.00000000)
                  しゅう/遒(2147483645.00000000)
                  しゅう/逎(2147483645.00000000)
                  しゅう/鏥(2147483645.00000000)
                  しゅう/鞦(2147483645.00000000)
                  しゅう/驟(2147483645.00000000)
                  しゅう/鰌(2147483645.00000000)
                      う/菟(2147483645.00000000)
                      う/于(2147483645.00000000)
                      う/傴(2147483645.00000000)
                      う/吁(2147483645.00000000)
                      う/挧(2147483645.00000000)
                      う/杆(2147483645.00000000)
                      う/桙(2147483645.00000000)
                      う/盂(2147483645.00000000)
                      う/禹(2147483645.00000000)
                      う/紆(2147483645.00000000)
                      う/饉(2147483645.00000000)
                        ご/娯(2147483645.00000000)
                        ご/梧(2147483645.00000000)
                        ご/檎(2147483645.00000000)
                        ご/瑚(2147483645.00000000)
                        ご/醐(2147483645.00000000)
                        ご/宕(2147483645.00000000)
                        ご/冱(2147483645.00000000)
                        ご/唔(2147483645.00000000)
                        ご/圄(2147483645.00000000)
                        ご/寤(2147483645.00000000)
                        ご/忤(2147483645.00000000)
                        ご/晤(2147483645.00000000)
                        ご/朞(2147483645.00000000)
                        ご/沍(2147483645.00000000)
                        ご/牾(2147483645.00000000)
                        ご/珸(2147483645.00000000)
                        ご/篌(2147483645.00000000)
                        ご/茣(2147483645.00000000)
                        ご/蜈(2147483645.00000000)
                        ご/齬(2147483645.00000000)
        しんぶぶんしゅうごう/⊂(2147483645.00000000)
        しんぶぶんしゅうごう/⊃(2147483645.00000000)
            ぶぶんしゅうごう/⊆(2147483645.00000000)
            ぶぶんしゅうごう/⊇(2147483645.00000000)
            ぶぶんしゅうごう/⊂(2147483645.00000000)
            ぶぶんしゅうごう/⊃(2147483645.00000000)
                        ごう/拷(2147483645.00000000)
                        ごう/刧(2147483645.00000000)
                        ごう/吽(2147483645.00000000)
                        ごう/哈(2147483645.00000000)
                        ごう/嗷(2147483645.00000000)
                        ごう/囂(2147483645.00000000)
                        ごう/敖(2147483645.00000000)
                        ごう/晧(2147483645.00000000)
                        ごう/毫(2147483645.00000000)
                        ごう/盒(2147483645.00000000)
                        ごう/螯(2147483645.00000000)
                        ごう/軣(2147483645.00000000)
                        ごう/遨(2147483645.00000000)
                        ごう/鰲(2147483645.00000000)
                        ごう/鼇(2147483645.00000000)
                          う/菟(2147483645.00000000)
                          う/于(2147483645.00000000)
                          う/傴(2147483645.00000000)
                          う/吁(2147483645.00000000)
                          う/挧(2147483645.00000000)
                          う/杆(2147483645.00000000)
                          う/桙(2147483645.00000000)
                          う/盂(2147483645.00000000)
                          う/禹(2147483645.00000000)
                          う/紆(2147483645.00000000)
                          う/饉(2147483645.00000000)
Done
