MakeExDictAC.perl ../../Word-2/Step0/ExDict.wordkkci
Reading CharIntStr.text, CharMarkov.db, and CharLambda ... Done
---- Markov->test ----------------------------------------------------------------
  Freq(BT Ｚ) = 783.000000
  Freq(BT) = 3235443.000000
  Freq(Ｚ) = 3427.000000
  Freq() = 14518741.000000

Reading ../../../corpus/01.wordkkci
Reading ../../../corpus/02.wordkkci
Reading ../../../corpus/03.wordkkci
Reading ../../../corpus/04.wordkkci
Reading ../../../corpus/05.wordkkci
Reading ../../../corpus/06.wordkkci
Reading ../../../corpus/07.wordkkci
Reading ../../../corpus/08.wordkkci
Reading ../../../corpus/09.wordkkci
3817 words
3817 pairs
10895 nodes
ExDict.actran 204[KB]
ExDict.acdata 105[KB]
１しゅうかんごとにはやばんと
Done
