MakeTaskInDictAC.perl
stat = 98500
stat = 98600
stat = 98700
stat = 98800
stat = 98900
stat = 99000
stat = 99100
stat = 99200
stat = 99300
stat = 99400
stat = 99500
stat = 99600
stat = 99700
stat = 99800
stat = 99900
stat = 100000
stat = 100100
stat = 100200
stat = 100300
stat = 100400
stat = 100500
stat = 100600
stat = 100700
stat = 100800
stat = 100900
stat = 101000
stat = 101100
stat = 101200
stat = 101300
stat = 101400
stat = 101500
stat = 101600
stat = 101700
stat = 101800
stat = 101900
stat = 102000
stat = 102100
stat = 102200
stat = 102300
stat = 102400
stat = 102500
stat = 102600
stat = 102700
stat = 102800
stat = 102900
stat = 103000
stat = 103100
stat = 103200
stat = 103300
stat = 103400
stat = 103500
stat = 103600
stat = 103700
stat = 103800
stat = 103900
stat = 104000
stat = 104100
stat = 104200
stat = 104300
stat = 104400
stat = 104500
stat = 104600
stat = 104700
stat = 104800
stat = 104900
stat = 105000
stat = 105100
stat = 105200
stat = 105300
stat = 105400
stat = 105500
stat = 105600
stat = 105700
stat = 105800
stat = 105900
stat = 106000
stat = 106100
stat = 106200
stat = 106300
stat = 106400
stat = 106500
stat = 106600
stat = 106700
stat = 106800
stat = 106900
stat = 107000
stat = 107100
stat = 107200
stat = 107300
stat = 107400
119192 pairs
264532 nodes
TaskInDict.actran 4895[KB]
TaskInDict.acdata 5986[KB]
１しゅうかんごとにはやばんと
  し/祇(71998.00000000)
  しゅ/シュ(0.00000000)
  しゅ/銖(0.00000000)
    ゅ/ュ(0.00000000)
  しゅう/しゅう(0.00000000)
      う/宇(0.00000000)
  しゅうか/しゅうか(0.00000000)
      うか/右加(71998.00000000)
      うかん/うかん(0.00000000)
        かん/澗(0.00000000)
        かん/坎(0.00000000)
                には/爾波(143997.00000000)
                  は/般(45426.00000000)
                    や/也(45426.00000000)
Done
