MakeInDictDA.perl 0
Reading ../../../corpus/01.wordkkci
Reading ../../../corpus/02.wordkkci
Reading ../../../corpus/03.wordkkci
Reading ../../../corpus/04.wordkkci
Reading ../../../corpus/05.wordkkci
Reading ../../../corpus/06.wordkkci
Reading ../../../corpus/07.wordkkci
Reading ../../../corpus/08.wordkkci
Reading ../../../corpus/09.wordkkci
90270 words
90270 pairs
57902[KB]
１しゅうかんごとにはやばんと
１/１/１(           0)
  し/私/し(           0)
  し/師/し(           0)
  し/氏/し(           0)
  し/嗣/し(           0)
  し/詞/し(           0)
  し/士/し(           0)
  し/紙/し(           0)
  し/敷/し(           0)
  し/歯/し(           0)
  し/知/し(           0)
  し/市/し(           0)
  し/志/し(           0)
  し/四/し(           0)
  し/使/し(           0)
  し/如/し(           0)
  し/し/し(           0)
  し/詩/し(           0)
  し/資/し(           0)
  し/指/し(           0)
  し/子/し(           0)
  し/死/し(           0)
  し/址/し(           0)
  し/識/し(           0)
  し/シ/し(           0)
  し/沁/し(           0)
  し/史/し(           0)
  し/誌/し(           0)
  し/趾/し(           0)
  し/支/し(           0)
  し/肢/し(           0)
  し/視/し(           0)
  しゅ/朱/しゅ(           0)
  しゅ/酒/しゅ(           0)
  しゅ/種/しゅ(           0)
  しゅ/首/しゅ(           0)
  しゅ/腫/しゅ(           0)
  しゅ/シュ/しゅ(           0)
  しゅ/須/しゅ(           0)
  しゅ/主/しゅ(           0)
  しゅ/手/しゅ(           0)
  しゅ/しゅ/しゅ(           0)
    ゅ/ゅ/ゅ(           0)
  しゅう/輯/しゅう(           0)
  しゅう/臭/しゅう(           0)
  しゅう/州/しゅう(           0)
  しゅう/周/しゅう(           0)
  しゅう/囚/しゅう(           0)
  しゅう/集/しゅう(           0)
  しゅう/宗/しゅう(           0)
  しゅう/秀/しゅう(           0)
  しゅう/シュウ/しゅう(           0)
  しゅう/衆/しゅう(           0)
  しゅう/秋/しゅう(           0)
  しゅう/しゅう/しゅう(           0)
  しゅう/週/しゅう(           0)
    ゅう/ゅう/ゅう(           0)
      う/産/う(           0)
      う/討/う(           0)
      う/浮/う(           0)
      う/雨/う(           0)
      う/生/う(           0)
      う/禹/う(           0)
      う/膿/う(           0)
      う/う/う(           0)
      う/得/う(           0)
      う/于/う(           0)
      う/撃/う(           0)
      う/ウ/う(           0)
      う/打/う(           0)
      う/泛/う(           0)
      う/売/う(           0)
      う/鵜/う(           0)
      う/倦/う(           0)
      う/卯/う(           0)
      う/搏/う(           0)
  しゅうか/集荷/しゅうか(           0)
  しゅうか/臭化/しゅうか(           0)
      うか/泛か/うか(           0)
      うか/浮か/うか(           0)
      うか/受か/うか(           0)
      うか/羽化/うか(           0)
      うか/うか/うか(           0)
        か/嗅/か(           0)
        か/乎/か(           0)
        か/価/か(           0)
        か/貸/か(           0)
        か/窩/か(           0)
        か/花/か(           0)
        か/加/か(           0)
        か/買/か(           0)
        か/火/か(           0)
        か/借/か(           0)
        か/咬/か(           0)
        か/欠/か(           0)
        か/駈/か(           0)
        か/駆/か(           0)
        か/戈/か(           0)
        か/歟/か(           0)
        か/夏/か(           0)
        か/書/か(           0)
        か/貨/か(           0)
        か/賈/か(           0)
        か/架/か(           0)
        か/迦/か(           0)
        か/可/か(           0)
        か/香/か(           0)
        か/家/か(           0)
        か/噛/か(           0)
        か/穫/か(           0)
        か/購/か(           0)
        か/掻/か(           0)
        か/飼/か(           0)
        か/刈/か(           0)
        か/苅/か(           0)
        か/蚊/か(           0)
        か/下/か(           0)
        か/化/か(           0)
        か/課/か(           0)
        か/過/か(           0)
        か/カ/か(           0)
        か/歌/か(           0)
        か/科/か(           0)
        か/日/か(           0)
        か/勝/か(           0)
        か/か/か(           0)
  しゅうかん/習慣/しゅうかん(           0)
  しゅうかん/州間/しゅうかん(           0)
  しゅうかん/週刊/しゅうかん(           0)
  しゅうかん/終刊/しゅうかん(           0)
  しゅうかん/週間/しゅうかん(           0)
  しゅうかん/収監/しゅうかん(           0)
        かん/觀/かん(           0)
        かん/鹹/かん(           0)
        かん/灌/かん(           0)
        かん/官/かん(           0)
        かん/侃/かん(           0)
        かん/閑/かん(           0)
        かん/罐/かん(           0)
        かん/卷/かん(           0)
        かん/桿/かん(           0)
        かん/完/かん(           0)
        かん/韓/かん(           0)
        かん/缶/かん(           0)
        かん/燗/かん(           0)
        かん/刊/かん(           0)
        かん/姦/かん(           0)
        かん/皖/かん(           0)
        かん/桓/かん(           0)
        かん/慣/かん(           0)
        かん/観/かん(           0)
        かん/簡/かん(           0)
        かん/鑑/かん(           0)
        かん/感/かん(           0)
        かん/間/かん(           0)
        かん/歓/かん(           0)
        かん/癇/かん(           0)
        かん/肝/かん(           0)
        かん/監/かん(           0)
        かん/カン/かん(           0)
        かん/菅/かん(           0)
        かん/艦/かん(           0)
        かん/漢/かん(           0)
        かん/勘/かん(           0)
        かん/乾/かん(           0)
        かん/冠/かん(           0)
        かん/館/かん(           0)
        かん/鐶/かん(           0)
        かん/関/かん(           0)
        かん/巻/かん(           0)
        かん/管/かん(           0)
        かん/環/かん(           0)
        かん/款/かん(           0)
        かん/舘/かん(           0)
        かん/かん/かん(           0)
          ん/ん/ん(           0)
          ん/ン/ん(           0)
        かんご/漢語/かんご(           0)
        かんご/観護/かんご(           0)
        かんご/看護/かんご(           0)
        かんご/監護/かんご(           0)
            ご/五/ご(           0)
            ご/伍/ご(           0)
            ご/碁/ご(           0)
            ご/込/ご(           0)
            ご/誤/ご(           0)
            ご/ご/ご(           0)
            ご/語/ご(           0)
            ご/御/ご(           0)
            ご/呉/ご(           0)
            ご/兒/ご(           0)
            ご/児/ご(           0)
            ご/ゴ/ご(           0)
            ご/期/ご(           0)
            ご/子/ご(           0)
            ご/後/ご(           0)
            ごと/ゴト/ごと(           0)
            ごと/事/ごと(           0)
            ごと/ごと/ごと(           0)
            ごと/毎/ごと(           0)
            ごと/琴/ごと(           0)
            ごと/如/ごと(           0)
              と/島/と(           0)
              と/斗/と(           0)
              と/問/と(           0)
              と/捕/と(           0)
              と/翔/と(           0)
              と/都/と(           0)
              と/賭/と(           0)
              と/獲/と(           0)
              と/飛/と(           0)
              と/取/と(           0)
              と/溶/と(           0)
              と/途/と(           0)
              と/ト/と(           0)
              と/説/と(           0)
              と/兎/と(           0)
              と/解/と(           0)
              と/録/と(           0)
              と/研/と(           0)
              と/徒/と(           0)
              と/摂/と(           0)
              と/戸/と(           0)
              と/と/と(           0)
              と/富/と(           0)
              と/跳/と(           0)
              と/撮/と(           0)
              と/執/と(           0)
              と/採/と(           0)
              とに/トニ/とに(           0)
                に/煮/に(           0)
                に/弐/に(           0)
                に/二/に(           0)
                に/ニ/に(           0)
                に/に/に(           0)
                に/似/に(           0)
                に/荷/に(           0)
                に/丹/に(           0)
                  は/張/は(           0)
                  は/果/は(           0)
                  は/刃/は(           0)
                  は/葉/は(           0)
                  は/波/は(           0)
                  は/は/は(           0)
                  は/播/は(           0)
                  は/履/は(           0)
                  は/穿/は(           0)
                  は/吐/は(           0)
                  は/覇/は(           0)
                  は/這/は(           0)
                  は/貼/は(           0)
                  は/ハ/は(           0)
                  は/掃/は(           0)
                  は/歯/は(           0)
                  は/派/は(           0)
                  は/蹈/は(           0)
                  は/匍/は(           0)
                  はや/流行/はや(           0)
                  はや/早/はや(           0)
                  はや/囃/はや(           0)
                  はや/速/はや(           0)
                  はや/ハヤ/はや(           0)
                  はや/はや/はや(           0)
                  はや/疾/はや(           0)
                  はや/生や/はや(           0)
                    や/ヤ/や(           0)
                    や/矢/や(           0)
                    や/や/や(           0)
                    や/輻/や(           0)
                    や/屋/や(           0)
                    や/夜/や(           0)
                    や/也/や(           0)
                    や/燒/や(           0)
                    や/已/や(           0)
                    や/家/や(           0)
                    や/焼/や(           0)
                    や/野/や(           0)
                    や/病/や(           0)
                    や/止/や(           0)
                  はやば/早場/はやば(           0)
                    やば/矢場/やば(           0)
                    やば/ヤバ/やば(           0)
                    やば/耶馬/やば(           0)
                    やば/やば/やば(           0)
                      ば/馬/ば(           0)
                      ば/羽/ば(           0)
                      ば/張/ば(           0)
                      ば/場/ば(           0)
                      ば/芭/ば(           0)
                      ば/バ/ば(           0)
                      ば/ば/ば(           0)
                  はやばん/早版/はやばん(           0)
                  はやばん/早番/はやばん(           0)
                    やばん/野蛮/やばん(           0)
                      ばん/ばん/ばん(           0)
                      ばん/番/ばん(           0)
                      ばん/バン/ばん(           0)
                      ばん/盤/ばん(           0)
                      ばん/晩/ばん(           0)
                      ばん/阪/ばん(           0)
                      ばん/版/ばん(           0)
                      ばん/板/ばん(           0)
                      ばん/判/ばん(           0)
                      ばん/蛮/ばん(           0)
                        ん/ん/ん(           0)
                        ん/ン/ん(           0)
                      ばんと/バント/ばんと(           0)
                      ばんと/ばんと/ばんと(           0)
                        んと/んと/んと(           0)
                          と/島/と(           0)
                          と/斗/と(           0)
                          と/問/と(           0)
                          と/捕/と(           0)
                          と/翔/と(           0)
                          と/都/と(           0)
                          と/賭/と(           0)
                          と/獲/と(           0)
                          と/飛/と(           0)
                          と/取/と(           0)
                          と/溶/と(           0)
                          と/途/と(           0)
                          と/ト/と(           0)
                          と/説/と(           0)
                          と/兎/と(           0)
                          と/解/と(           0)
                          と/録/と(           0)
                          と/研/と(           0)
                          と/徒/と(           0)
                          と/摂/と(           0)
                          と/戸/と(           0)
                          と/と/と(           0)
                          と/富/と(           0)
                          と/跳/と(           0)
                          と/撮/と(           0)
                          と/執/と(           0)
                          と/採/と(           0)
Done
